==========================================================
Job ID: 22984955
Job Array ID: 22984954
Array Task ID: 0
Running on host: cpn-d01-33.core.ccr.buffalo.edu
Working directory: /vscratch/grp-rutaoyao/Omer/spebt/pymatcal
Start Time: Mon Jan  5 12:50:56 AM EST 2026
==========================================================
/var/spool/slurmd/job22984955/slurm_script: line 36: ../venv/bin/activate: No such file or directory
Executing Python script for layout index 0...
--- Starting PPDF calculation for Layout Index: 0 ---
PyTorch using 25 threads.
plate_objects_vertices shape: torch.Size([360, 4, 2])
crystal_objects_vertices shape: torch.Size([3360, 4, 2])
Found 3360 crystals in layout 0.
--- Finished Layout 0 in 697.15 seconds. ---
Results saved to /vscratch/grp-rutaoyao/Omer/spebt/data/sai_10mm/position_000_ppdfs.hdf5
==========================================================
End Time: Mon Jan  5 01:02:37 AM EST 2026
Job finished with exit code 0
==========================================================
